<?xml version="1.0" encoding="UTF-8"?>
<testsuite name="com.bridgelabz.BinarySearchTreeTest" tests="1" skipped="0" failures="0" errors="0" timestamp="2021-05-04T00:23:41" hostname="SHALINI" time="0.11">
  <properties/>
  <testcase name="given3NumbersWhenAddedToBinaryTreeShouldReturnSizeThree()" classname="com.bridgelabz.BinarySearchTreeTest" time="0.11"/>
  <system-out><![CDATA[]]></system-out>
  <system-err><![CDATA[]]></system-err>
</testsuite>
