<?xml version="1.0" encoding="UTF-8"?>
<testsuite name="com.bridgelabz.BinarySearchTreeTest" tests="1" skipped="0" failures="0" errors="0" timestamp="2021-05-04T00:49:28" hostname="SHALINI" time="0.078">
  <properties/>
  <testcase name="GivenNumbers_whenAddedToTree_ShouldBe_AbleFindNode()" classname="com.bridgelabz.BinarySearchTreeTest" time="0.078"/>
  <system-out><![CDATA[]]></system-out>
  <system-err><![CDATA[]]></system-err>
</testsuite>
